<?xml version="1.0" encoding="UTF-8"?>
<!-- Generated by org.testng.reporters.JUnitXMLReporter -->
<testsuite ignored="0" hostname="Testriq-20s-MacBook-Pro.local" failures="1" tests="1" name="Test" time="114.669" errors="0" timestamp="2025-05-04T12:23:34 IST">
  <testcase classname="project_ecubix.Test_ArticleCreation" name="test_ArticleCreation" time="97.243">
    <failure type="org.openqa.selenium.TimeoutException" message="Expected condition failed: waiting for invisibility of [[ChromeDriver: chrome on mac (8158ea8a0b1d6c5cf758f1f69241e6f2)] -&amp;gt; id: loaderdiv] (tried for 10 second(s) with 1000 milliseconds interval)
Build info: version: &amp;apos;4.29.0&amp;apos;, revision: &amp;apos;5fc1ec94cb&amp;apos;
System info: os.name: &amp;apos;Mac OS X&amp;apos;, os.arch: &amp;apos;x86_64&amp;apos;, os.version: &amp;apos;14.6.1&amp;apos;, java.version: &amp;apos;22.0.1&amp;apos;
Driver info: driver.version: unknown">
      <![CDATA[org.openqa.selenium.TimeoutException: Expected condition failed: waiting for invisibility of [[ChromeDriver: chrome on mac (8158ea8a0b1d6c5cf758f1f69241e6f2)] -> id: loaderdiv] (tried for 10 second(s) with 1000 milliseconds interval)
Build info: version: '4.29.0', revision: '5fc1ec94cb'
System info: os.name: 'Mac OS X', os.arch: 'x86_64', os.version: '14.6.1', java.version: '22.0.1'
Driver info: driver.version: unknown
at org.openqa.selenium.support.ui.FluentWait.timeoutException(FluentWait.java:265)
at org.openqa.selenium.support.ui.FluentWait.until(FluentWait.java:228)
at co.ecubix.utils.load_wait_stratagies.LoadAndWaitStrategies.waitTillElementIsInvisible(LoadAndWaitStrategies.java:54)
at co.ecubix.page.masterDM.ArticleMasterPage.waitForLoaderToDisappear(ArticleMasterPage.java:163)
at co.ecubix.page.masterDM.ArticleMasterPage.clickOnExecuteBtn(ArticleMasterPage.java:157)
at project_ecubix.Test_ArticleCreation.test_ArticleCreation(Test_ArticleCreation.java:41)
at java.base/java.util.ArrayList.forEach(ArrayList.java:1597)
... Removed 26 stack frames]]>
    </failure>
  </testcase> <!-- test_ArticleCreation -->
</testsuite> <!-- Test -->
